<?xml version="1.0" encoding="UTF-8"?>
<!-- Generated by org.testng.reporters.JUnitReportReporter -->
<testsuite hostname="Ansuman" failures="0" tests="5" name="crm.vtigerOrganizationsTests.CreateMultipleOrganizationWithInd" time="97.134" errors="0" timestamp="2024-03-03T14:37:57 IST" skipped="0">
  <testcase classname="crm.vtigerOrganizationsTests.CreateMultipleOrganizationWithInd" name="createOrgWithIndTest" time="19.292"/>
  <system-out/>
  <testcase classname="crm.vtigerOrganizationsTests.CreateMultipleOrganizationWithInd" name="createOrgWithIndTest" time="21.838"/>
  <system-out/>
  <testcase classname="crm.vtigerOrganizationsTests.CreateMultipleOrganizationWithInd" name="createOrgWithIndTest" time="17.571"/>
  <system-out/>
  <testcase classname="crm.vtigerOrganizationsTests.CreateMultipleOrganizationWithInd" name="createOrgWithIndTest" time="21.095"/>
  <system-out/>
  <testcase classname="crm.vtigerOrganizationsTests.CreateMultipleOrganizationWithInd" name="createOrgWithIndTest" time="17.338"/>
  <system-out/>
</testsuite> <!-- crm.vtigerOrganizationsTests.CreateMultipleOrganizationWithInd -->
