<?xml version="1.0" encoding="UTF-8"?>
<!-- Generated by org.testng.reporters.JUnitReportReporter -->
<testsuite hostname="Ansuman" failures="0" tests="2" name="crm.vtigerContactTests.CreateContact" time="26.110" errors="0" timestamp="2024-03-03T17:34:09 IST" skipped="0">
  <testcase classname="crm.vtigerContactTests.CreateContact" name="createContactTest" time="13.367"/>
  <system-out/>
  <testcase classname="crm.vtigerContactTests.CreateContact" name="createContactTest" time="12.743"/>
  <system-out/>
</testsuite> <!-- crm.vtigerContactTests.CreateContact -->
